{"numFailedTestSuites":0,"numFailedTests":0,"numPassedTestSuites":40,"numPassedTests":118,"numPendingTestSuites":0,"numPendingTests":8,"numRuntimeErrorTestSuites":0,"numTotalTestSuites":40,"numTotalTests":126,"snapshot":{"added":0,"didUpdate":false,"failure":false,"filesAdded":0,"filesRemoved":0,"filesUnmatched":0,"filesUpdated":0,"matched":1,"total":1,"unchecked":0,"unmatched":0,"updated":0},"startTime":1517195622923,"success":true,"testResults":[{"assertionResults":[{"ancestorTitles":["mutation.createItemsAndMarkLessonAsWatched"],"failureMessages":[],"fullName":"mutation.createItemsAndMarkLessonAsWatched creates an item for the next lesson, making sure the first two are casual","location":null,"status":"passed","title":"creates an item for the next lesson, making sure the first two are casual"}],"endTime":1517195625159,"message":"","name":"/Users/lukaszgandecki/projects/TheBrain2.0/server/libLambda/api/createItemsAndMarkLessonAsWatched.spec.js","startTime":1517195624347,"status":"passed","summary":""},{"assertionResults":[{"ancestorTitles":["mutation.createItemsAndMarkLessonAsWatched"],"failureMessages":[],"fullName":"mutation.createItemsAndMarkLessonAsWatched creates an item for the next lesson, making sure the first two are casual","location":null,"status":"passed","title":"creates an item for the next lesson, making sure the first two are casual"}],"endTime":1517195625492,"message":"","name":"/Users/lukaszgandecki/projects/TheBrain2.0/server/src/api/createItemsAndMarkLessonAsWatched.spec.js","startTime":1517195625304,"status":"passed","summary":""},{"assertionResults":[{"ancestorTitles":["Courses query"],"failureMessages":[],"fullName":"Courses query returns all courses","location":null,"status":"passed","title":"returns all courses"},{"ancestorTitles":["query.Course"],"failureMessages":[],"fullName":"query.Course returns a specific course","location":null,"status":"passed","title":"returns a specific course"},{"ancestorTitles":["query.Lessons"],"failureMessages":[],"fullName":"query.Lessons returns all lessons for a specified course","location":null,"status":"passed","title":"returns all lessons for a specified course"},{"ancestorTitles":["query.Lessons"],"failureMessages":[],"fullName":"query.Lessons returns all lessons for a specified course sorted by its position","location":null,"status":"passed","title":"returns all lessons for a specified course sorted by its position"},{"ancestorTitles":["query.LessonCount"],"failureMessages":[],"fullName":"query.LessonCount returns all lessons","location":null,"status":"passed","title":"returns all lessons"},{"ancestorTitles":["query.flashcards"],"failureMessages":[],"fullName":"query.flashcards returns flashcards from the db 1","location":null,"status":"passed","title":"returns flashcards from the db 1"},{"ancestorTitles":["query.flashcard"],"failureMessages":[],"fullName":"query.flashcard returns a flashcard by id","location":null,"status":"passed","title":"returns a flashcard by id"},{"ancestorTitles":["query.Lesson"],"failureMessages":[],"fullName":"query.Lesson returns first lesson for a new user","location":null,"status":"passed","title":"returns first lesson for a new user"},{"ancestorTitles":["query.Lesson"],"failureMessages":[],"fullName":"query.Lesson returns third lesson for a logged in user that already watched two lessons","location":null,"status":"passed","title":"returns third lesson for a logged in user that already watched two lessons"},{"ancestorTitles":["Items query"],"failureMessages":[],"fullName":"Items query returns two items with flashcards attached for a new user after watching the first lesson","location":null,"status":"passed","title":"returns two items with flashcards attached for a new user after watching the first lesson"},{"ancestorTitles":["query.SessionCount"],"failureMessages":[],"fullName":"query.SessionCount returns an empty object if no user exists","location":null,"status":"passed","title":"returns an empty object if no user exists"},{"ancestorTitles":["query.SessionCount"],"failureMessages":[],"fullName":"query.SessionCount returns a session count","location":null,"status":"passed","title":"returns a session count"},{"ancestorTitles":["query.CurrentUser"],"failureMessages":[],"fullName":"query.CurrentUser returns unchanged user from a context","location":null,"status":"passed","title":"returns unchanged user from a context"},{"ancestorTitles":["query.UserDetails"],"failureMessages":[],"fullName":"query.UserDetails returns an empty object if no user exists","location":null,"status":"passed","title":"returns an empty object if no user exists"},{"ancestorTitles":["query.UserDetails"],"failureMessages":[],"fullName":"query.UserDetails returns user details by user id","location":null,"status":"passed","title":"returns user details by user id"},{"ancestorTitles":["mutation.createItemsAndMarkLessonAsWatched"],"failureMessages":[],"fullName":"mutation.createItemsAndMarkLessonAsWatched returns the second lesson after watching the first one if you are a logged in user","location":null,"status":"passed","title":"returns the second lesson after watching the first one if you are a logged in user"},{"ancestorTitles":["mutation.hideTutorial"],"failureMessages":[],"fullName":"mutation.hideTutorial saves info that a tutorial should be disabled for a specific user","location":null,"status":"passed","title":"saves info that a tutorial should be disabled for a specific user"}],"endTime":1517195625209,"message":"","name":"/Users/lukaszgandecki/projects/TheBrain2.0/server/libLambda/api/resolvers-graphql.spec.js","startTime":1517195624347,"status":"passed","summary":""},{"assertionResults":[{"ancestorTitles":["Courses query"],"failureMessages":[],"fullName":"Courses query returns all courses","location":null,"status":"passed","title":"returns all courses"},{"ancestorTitles":["query.Course"],"failureMessages":[],"fullName":"query.Course returns a specific course","location":null,"status":"passed","title":"returns a specific course"},{"ancestorTitles":["query.Lessons"],"failureMessages":[],"fullName":"query.Lessons returns all lessons for a specified course","location":null,"status":"passed","title":"returns all lessons for a specified course"},{"ancestorTitles":["query.Lessons"],"failureMessages":[],"fullName":"query.Lessons returns all lessons for a specified course sorted by its position","location":null,"status":"passed","title":"returns all lessons for a specified course sorted by its position"},{"ancestorTitles":["query.LessonCount"],"failureMessages":[],"fullName":"query.LessonCount returns all lessons","location":null,"status":"passed","title":"returns all lessons"},{"ancestorTitles":["query.flashcards"],"failureMessages":[],"fullName":"query.flashcards returns flashcards from the db 1","location":null,"status":"passed","title":"returns flashcards from the db 1"},{"ancestorTitles":["query.flashcard"],"failureMessages":[],"fullName":"query.flashcard returns a flashcard by id","location":null,"status":"passed","title":"returns a flashcard by id"},{"ancestorTitles":["query.Lesson"],"failureMessages":[],"fullName":"query.Lesson returns first lesson for a new user","location":null,"status":"passed","title":"returns first lesson for a new user"},{"ancestorTitles":["query.Lesson"],"failureMessages":[],"fullName":"query.Lesson returns third lesson for a logged in user that already watched two lessons","location":null,"status":"passed","title":"returns third lesson for a logged in user that already watched two lessons"},{"ancestorTitles":["Items query"],"failureMessages":[],"fullName":"Items query returns two items with flashcards attached for a new user after watching the first lesson","location":null,"status":"passed","title":"returns two items with flashcards attached for a new user after watching the first lesson"},{"ancestorTitles":["query.SessionCount"],"failureMessages":[],"fullName":"query.SessionCount returns an empty object if no user exists","location":null,"status":"passed","title":"returns an empty object if no user exists"},{"ancestorTitles":["query.SessionCount"],"failureMessages":[],"fullName":"query.SessionCount returns a session count","location":null,"status":"passed","title":"returns a session count"},{"ancestorTitles":["query.CurrentUser"],"failureMessages":[],"fullName":"query.CurrentUser returns unchanged user from a context","location":null,"status":"passed","title":"returns unchanged user from a context"},{"ancestorTitles":["query.UserDetails"],"failureMessages":[],"fullName":"query.UserDetails returns an empty object if no user exists","location":null,"status":"passed","title":"returns an empty object if no user exists"},{"ancestorTitles":["query.UserDetails"],"failureMessages":[],"fullName":"query.UserDetails returns user details by user id","location":null,"status":"passed","title":"returns user details by user id"},{"ancestorTitles":["mutation.createItemsAndMarkLessonAsWatched"],"failureMessages":[],"fullName":"mutation.createItemsAndMarkLessonAsWatched returns the second lesson after watching the first one if you are a logged in user","location":null,"status":"passed","title":"returns the second lesson after watching the first one if you are a logged in user"},{"ancestorTitles":["mutation.hideTutorial"],"failureMessages":[],"fullName":"mutation.hideTutorial saves info that a tutorial should be disabled for a specific user","location":null,"status":"passed","title":"saves info that a tutorial should be disabled for a specific user"}],"endTime":1517195625209,"message":"","name":"/Users/lukaszgandecki/projects/TheBrain2.0/server/src/api/resolvers-graphql.spec.js","startTime":1517195624347,"status":"passed","summary":""},{"assertionResults":[{"ancestorTitles":["Questions"],"failureMessages":[],"fullName":"Questions When student answer is incorrect the flashcard is put at the end of the stack.","location":null,"status":"passed","title":"When student answer is incorrect the flashcard is put at the end of the stack."}],"endTime":1517195627562,"message":"","name":"/Users/lukaszgandecki/projects/TheBrain2.0/testing/web/features/questions.test.js","startTime":1517195624346,"status":"passed","summary":""},{"assertionResults":[{"ancestorTitles":["query.Item"],"failureMessages":[],"fullName":"query.Item returns a specific item","location":null,"status":"pending","title":"returns a specific item"},{"ancestorTitles":["query.Items"],"failureMessages":[],"fullName":"query.Items returns 0 items if no user exists","location":null,"status":"passed","title":"returns 0 items if no user exists"},{"ancestorTitles":["query.Items"],"failureMessages":[],"fullName":"query.Items returns 0 items for a new user without any lessons watched","location":null,"status":"passed","title":"returns 0 items for a new user without any lessons watched"},{"ancestorTitles":["mutation.selectCourse"],"failureMessages":[],"fullName":"mutation.selectCourse saves info about a course selected if no user exists","location":null,"status":"pending","title":"saves info about a course selected if no user exists"},{"ancestorTitles":["mutation.selectCourse"],"failureMessages":[],"fullName":"mutation.selectCourse saves info about a course selected by a user","location":null,"status":"pending","title":"saves info about a course selected by a user"},{"ancestorTitles":["mutation.processEvaluation"],"failureMessages":[],"fullName":"mutation.processEvaluation returns a correct item after \"Wrong\" evaluation","location":null,"status":"passed","title":"returns a correct item after \"Wrong\" evaluation"},{"ancestorTitles":["login with facebook"],"failureMessages":[],"fullName":"login with facebook returns user if it already exists","location":null,"status":"pending","title":"returns user if it already exists"},{"ancestorTitles":["query.Reviews"],"failureMessages":[],"fullName":"query.Reviews returns empty list by default","location":null,"status":"passed","title":"returns empty list by default"},{"ancestorTitles":["query.Reviews"],"failureMessages":[],"fullName":"query.Reviews returns list of reviews grouped by day timestamp","location":null,"status":"passed","title":"returns list of reviews grouped by day timestamp"}],"endTime":1517195627697,"message":"","name":"/Users/lukaszgandecki/projects/TheBrain2.0/server/libLambda/api/resolvers.spec.js","startTime":1517195627572,"status":"passed","summary":""},{"assertionResults":[{"ancestorTitles":["returnItemAfterEvaluation"],"failureMessages":[],"fullName":"returnItemAfterEvaluation returns a correct item after \"No clue\" evaluation","location":null,"status":"passed","title":"returns a correct item after \"No clue\" evaluation"},{"ancestorTitles":["returnItemAfterEvaluation"],"failureMessages":[],"fullName":"returnItemAfterEvaluation returns a correct item after \"Wrong\" evaluation","location":null,"status":"passed","title":"returns a correct item after \"Wrong\" evaluation"},{"ancestorTitles":["returnItemAfterEvaluation"],"failureMessages":[],"fullName":"returnItemAfterEvaluation returns a correct item after \"Good\" evaluation","location":null,"status":"passed","title":"returns a correct item after \"Good\" evaluation"},{"ancestorTitles":["returnItemAfterEvaluation"],"failureMessages":[],"fullName":"returnItemAfterEvaluation returns a correct item after \"Easy\" evaluation","location":null,"status":"passed","title":"returns a correct item after \"Easy\" evaluation"},{"ancestorTitles":["returnItemAfterEvaluation"],"failureMessages":[],"fullName":"returnItemAfterEvaluation returns a correct item after \"Wrong\" evaluation of a reviewed flashcard","location":null,"status":"passed","title":"returns a correct item after \"Wrong\" evaluation of a reviewed flashcard"},{"ancestorTitles":["returnItemAfterEvaluation"],"failureMessages":[],"fullName":"returnItemAfterEvaluation returns a correct item after \"Easy\" evaluation of a reviewed flashcard","location":null,"status":"passed","title":"returns a correct item after \"Easy\" evaluation of a reviewed flashcard"},{"ancestorTitles":["returnItemAfterEvaluation"],"failureMessages":[],"fullName":"returnItemAfterEvaluation returns a correct item after \"Good\" evaluation of a due flashcard that was repeated once","location":null,"status":"passed","title":"returns a correct item after \"Good\" evaluation of a due flashcard that was repeated once"},{"ancestorTitles":["returnItemAfterEvaluation"],"failureMessages":[],"fullName":"returnItemAfterEvaluation returns a correct item after \"Good\" evaluation of a due flashcard that was repeated more than once","location":null,"status":"passed","title":"returns a correct item after \"Good\" evaluation of a due flashcard that was repeated more than once"},{"ancestorTitles":["returnItemAfterEvaluation"],"failureMessages":[],"fullName":"returnItemAfterEvaluation returns a correct item with easiness factor after \"Wrong\" evaluation of a difficult flashcard","location":null,"status":"passed","title":"returns a correct item with easiness factor after \"Wrong\" evaluation of a difficult flashcard"},{"ancestorTitles":["returnItemAfterEvaluation"],"failureMessages":[],"fullName":"returnItemAfterEvaluation returns a correct item with easiness factor after \"Easy\" evaluation of an easy flashcard","location":null,"status":"passed","title":"returns a correct item with easiness factor after \"Easy\" evaluation of an easy flashcard"}],"endTime":1517195627727,"message":"","name":"/Users/lukaszgandecki/projects/TheBrain2.0/server/src/api/tools/returnItemAfterEvaluation.spec.js","startTime":1517195627639,"status":"passed","summary":""},{"assertionResults":[{"ancestorTitles":["query.Item"],"failureMessages":[],"fullName":"query.Item returns a specific item","location":null,"status":"pending","title":"returns a specific item"},{"ancestorTitles":["query.Items"],"failureMessages":[],"fullName":"query.Items returns 0 items if no user exists","location":null,"status":"passed","title":"returns 0 items if no user exists"},{"ancestorTitles":["query.Items"],"failureMessages":[],"fullName":"query.Items returns 0 items for a new user without any lessons watched","location":null,"status":"passed","title":"returns 0 items for a new user without any lessons watched"},{"ancestorTitles":["mutation.selectCourse"],"failureMessages":[],"fullName":"mutation.selectCourse saves info about a course selected if no user exists","location":null,"status":"pending","title":"saves info about a course selected if no user exists"},{"ancestorTitles":["mutation.selectCourse"],"failureMessages":[],"fullName":"mutation.selectCourse saves info about a course selected by a user","location":null,"status":"pending","title":"saves info about a course selected by a user"},{"ancestorTitles":["mutation.processEvaluation"],"failureMessages":[],"fullName":"mutation.processEvaluation returns a correct item after \"Wrong\" evaluation","location":null,"status":"passed","title":"returns a correct item after \"Wrong\" evaluation"},{"ancestorTitles":["login with facebook"],"failureMessages":[],"fullName":"login with facebook returns user if it already exists","location":null,"status":"pending","title":"returns user if it already exists"},{"ancestorTitles":["query.Reviews"],"failureMessages":[],"fullName":"query.Reviews returns empty list by default","location":null,"status":"passed","title":"returns empty list by default"},{"ancestorTitles":["query.Reviews"],"failureMessages":[],"fullName":"query.Reviews returns list of reviews grouped by day timestamp","location":null,"status":"passed","title":"returns list of reviews grouped by day timestamp"}],"endTime":1517195627749,"message":"","name":"/Users/lukaszgandecki/projects/TheBrain2.0/server/src/api/resolvers.spec.js","startTime":1517195627608,"status":"passed","summary":""},{"assertionResults":[{"ancestorTitles":["returnItemAfterEvaluation"],"failureMessages":[],"fullName":"returnItemAfterEvaluation returns a correct item after \"No clue\" evaluation","location":null,"status":"passed","title":"returns a correct item after \"No clue\" evaluation"},{"ancestorTitles":["returnItemAfterEvaluation"],"failureMessages":[],"fullName":"returnItemAfterEvaluation returns a correct item after \"Wrong\" evaluation","location":null,"status":"passed","title":"returns a correct item after \"Wrong\" evaluation"},{"ancestorTitles":["returnItemAfterEvaluation"],"failureMessages":[],"fullName":"returnItemAfterEvaluation returns a correct item after \"Good\" evaluation","location":null,"status":"passed","title":"returns a correct item after \"Good\" evaluation"},{"ancestorTitles":["returnItemAfterEvaluation"],"failureMessages":[],"fullName":"returnItemAfterEvaluation returns a correct item after \"Easy\" evaluation","location":null,"status":"passed","title":"returns a correct item after \"Easy\" evaluation"},{"ancestorTitles":["returnItemAfterEvaluation"],"failureMessages":[],"fullName":"returnItemAfterEvaluation returns a correct item after \"Wrong\" evaluation of a reviewed flashcard","location":null,"status":"passed","title":"returns a correct item after \"Wrong\" evaluation of a reviewed flashcard"},{"ancestorTitles":["returnItemAfterEvaluation"],"failureMessages":[],"fullName":"returnItemAfterEvaluation returns a correct item after \"Easy\" evaluation of a reviewed flashcard","location":null,"status":"passed","title":"returns a correct item after \"Easy\" evaluation of a reviewed flashcard"},{"ancestorTitles":["returnItemAfterEvaluation"],"failureMessages":[],"fullName":"returnItemAfterEvaluation returns a correct item after \"Good\" evaluation of a due flashcard that was repeated once","location":null,"status":"passed","title":"returns a correct item after \"Good\" evaluation of a due flashcard that was repeated once"},{"ancestorTitles":["returnItemAfterEvaluation"],"failureMessages":[],"fullName":"returnItemAfterEvaluation returns a correct item after \"Good\" evaluation of a due flashcard that was repeated more than once","location":null,"status":"passed","title":"returns a correct item after \"Good\" evaluation of a due flashcard that was repeated more than once"},{"ancestorTitles":["returnItemAfterEvaluation"],"failureMessages":[],"fullName":"returnItemAfterEvaluation returns a correct item with easiness factor after \"Wrong\" evaluation of a difficult flashcard","location":null,"status":"passed","title":"returns a correct item with easiness factor after \"Wrong\" evaluation of a difficult flashcard"},{"ancestorTitles":["returnItemAfterEvaluation"],"failureMessages":[],"fullName":"returnItemAfterEvaluation returns a correct item with easiness factor after \"Easy\" evaluation of an easy flashcard","location":null,"status":"passed","title":"returns a correct item with easiness factor after \"Easy\" evaluation of an easy flashcard"}],"endTime":1517195627768,"message":"","name":"/Users/lukaszgandecki/projects/TheBrain2.0/server/libLambda/api/tools/returnItemAfterEvaluation.spec.js","startTime":1517195627662,"status":"passed","summary":""},{"assertionResults":[{"ancestorTitles":["getItemsWithFlashcardsByCount"],"failureMessages":[],"fullName":"getItemsWithFlashcardsByCount should count 0 flashcards by type","location":null,"status":"passed","title":"should count 0 flashcards by type"},{"ancestorTitles":["getItemsWithFlashcardsByCount"],"failureMessages":[],"fullName":"getItemsWithFlashcardsByCount should count newly created items","location":null,"status":"passed","title":"should count newly created items"},{"ancestorTitles":["getItemsWithFlashcardsByCount"],"failureMessages":[],"fullName":"getItemsWithFlashcardsByCount should categorize new item as a \"to be reviewed\" when it was evaluated as wrong","location":null,"status":"passed","title":"should categorize new item as a \"to be reviewed\" when it was evaluated as wrong"},{"ancestorTitles":["getItemsWithFlashcardsByCount"],"failureMessages":[],"fullName":"getItemsWithFlashcardsByCount should categorize due item as a \"to be reviewed\" when it was evaluated as wrong","location":null,"status":"passed","title":"should categorize due item as a \"to be reviewed\" when it was evaluated as wrong"},{"ancestorTitles":["getItemsWithFlashcardsByCount"],"failureMessages":[],"fullName":"getItemsWithFlashcardsByCount should categorize new item as \"new done\" when it was evaluated as good","location":null,"status":"passed","title":"should categorize new item as \"new done\" when it was evaluated as good"},{"ancestorTitles":["getItemsWithFlashcardsByCount"],"failureMessages":[],"fullName":"getItemsWithFlashcardsByCount should categorize due item as \"new done\" when it was evaluated as good","location":null,"status":"passed","title":"should categorize due item as \"new done\" when it was evaluated as good"},{"ancestorTitles":["getItemsWithFlashcardsByCount"],"failureMessages":[],"fullName":"getItemsWithFlashcardsByCount should categorize due item as \"due total\" when it was not evaluated yet","location":null,"status":"passed","title":"should categorize due item as \"due total\" when it was not evaluated yet"},{"ancestorTitles":["getItemsWithFlashcardsByCount"],"failureMessages":[],"fullName":"getItemsWithFlashcardsByCount should categorize two new items when one item was evaluated as wrong and one as good","location":null,"status":"passed","title":"should categorize two new items when one item was evaluated as wrong and one as good"},{"ancestorTitles":["getItemsWithFlashcardsByCount"],"failureMessages":[],"fullName":"getItemsWithFlashcardsByCount should categorize due item as reviewed when it was evaluated as good during review","location":null,"status":"passed","title":"should categorize due item as reviewed when it was evaluated as good during review"},{"ancestorTitles":["getItemsWithFlashcardsByCount"],"failureMessages":[],"fullName":"getItemsWithFlashcardsByCount should categorize new item as reviewed when it was evaluated as good during review","location":null,"status":"passed","title":"should categorize new item as reviewed when it was evaluated as good during review"}],"endTime":1517195627795,"message":"","name":"/Users/lukaszgandecki/projects/TheBrain2.0/server/libLambda/api/tools/getItemsWithFlashcardsByCount.spec.js","startTime":1517195627713,"status":"passed","summary":""},{"assertionResults":[{"ancestorTitles":["getItemsWithFlashcardsByCount"],"failureMessages":[],"fullName":"getItemsWithFlashcardsByCount should count 0 flashcards by type","location":null,"status":"passed","title":"should count 0 flashcards by type"},{"ancestorTitles":["getItemsWithFlashcardsByCount"],"failureMessages":[],"fullName":"getItemsWithFlashcardsByCount should count newly created items","location":null,"status":"passed","title":"should count newly created items"},{"ancestorTitles":["getItemsWithFlashcardsByCount"],"failureMessages":[],"fullName":"getItemsWithFlashcardsByCount should categorize new item as a \"to be reviewed\" when it was evaluated as wrong","location":null,"status":"passed","title":"should categorize new item as a \"to be reviewed\" when it was evaluated as wrong"},{"ancestorTitles":["getItemsWithFlashcardsByCount"],"failureMessages":[],"fullName":"getItemsWithFlashcardsByCount should categorize due item as a \"to be reviewed\" when it was evaluated as wrong","location":null,"status":"passed","title":"should categorize due item as a \"to be reviewed\" when it was evaluated as wrong"},{"ancestorTitles":["getItemsWithFlashcardsByCount"],"failureMessages":[],"fullName":"getItemsWithFlashcardsByCount should categorize new item as \"new done\" when it was evaluated as good","location":null,"status":"passed","title":"should categorize new item as \"new done\" when it was evaluated as good"},{"ancestorTitles":["getItemsWithFlashcardsByCount"],"failureMessages":[],"fullName":"getItemsWithFlashcardsByCount should categorize due item as \"new done\" when it was evaluated as good","location":null,"status":"passed","title":"should categorize due item as \"new done\" when it was evaluated as good"},{"ancestorTitles":["getItemsWithFlashcardsByCount"],"failureMessages":[],"fullName":"getItemsWithFlashcardsByCount should categorize due item as \"due total\" when it was not evaluated yet","location":null,"status":"passed","title":"should categorize due item as \"due total\" when it was not evaluated yet"},{"ancestorTitles":["getItemsWithFlashcardsByCount"],"failureMessages":[],"fullName":"getItemsWithFlashcardsByCount should categorize two new items when one item was evaluated as wrong and one as good","location":null,"status":"passed","title":"should categorize two new items when one item was evaluated as wrong and one as good"},{"ancestorTitles":["getItemsWithFlashcardsByCount"],"failureMessages":[],"fullName":"getItemsWithFlashcardsByCount should categorize due item as reviewed when it was evaluated as good during review","location":null,"status":"passed","title":"should categorize due item as reviewed when it was evaluated as good during review"},{"ancestorTitles":["getItemsWithFlashcardsByCount"],"failureMessages":[],"fullName":"getItemsWithFlashcardsByCount should categorize new item as reviewed when it was evaluated as good during review","location":null,"status":"passed","title":"should categorize new item as reviewed when it was evaluated as good during review"}],"endTime":1517195627813,"message":"","name":"/Users/lukaszgandecki/projects/TheBrain2.0/server/src/api/tools/getItemsWithFlashcardsByCount.spec.js","startTime":1517195627733,"status":"passed","summary":""},{"assertionResults":[{"ancestorTitles":["Calendar"],"failureMessages":[],"fullName":"Calendar User can see his repetitions scheduled in a calendar","location":null,"status":"passed","title":"User can see his repetitions scheduled in a calendar"}],"endTime":1517195629212,"message":"","name":"/Users/lukaszgandecki/projects/TheBrain2.0/testing/web/features/calendar.test.js","startTime":1517195627880,"status":"passed","summary":""},{"assertionResults":[{"ancestorTitles":["Landing Page"],"failureMessages":[],"fullName":"Landing Page Watching introduction","location":null,"status":"passed","title":"Watching introduction"},{"ancestorTitles":["Landing Page"],"failureMessages":[],"fullName":"Landing Page Going to course selector and selecting course","location":null,"status":"passed","title":"Going to course selector and selecting course"}],"endTime":1517195629900,"message":"","name":"/Users/lukaszgandecki/projects/TheBrain2.0/testing/web/features/landingPage.test.js","startTime":1517195627885,"status":"passed","summary":""},{"assertionResults":[{"ancestorTitles":["Lecture"],"failureMessages":[],"fullName":"Lecture New student is watching the first lecture and sees the generated flashcards","location":null,"status":"passed","title":"New student is watching the first lecture and sees the generated flashcards"}],"endTime":1517195629916,"message":"","name":"/Users/lukaszgandecki/projects/TheBrain2.0/testing/web/features/lecture.test.js","startTime":1517195627884,"status":"passed","summary":""},{"assertionResults":[{"ancestorTitles":[],"failureMessages":[],"fullName":"renders without crashing","location":null,"status":"passed","title":"renders without crashing"},{"ancestorTitles":[],"failureMessages":[],"fullName":"renders the whole app without crashing","location":null,"status":"passed","title":"renders the whole app without crashing"}],"endTime":1517195632067,"message":"","name":"/Users/lukaszgandecki/projects/TheBrain2.0/testing/mobile/App.test.js","startTime":1517195627992,"status":"passed","summary":""},{"assertionResults":[{"ancestorTitles":[],"failureMessages":[null],"status":"passed","title":""}],"endTime":1517195633083,"message":"","name":"/Users/lukaszgandecki/projects/TheBrain2.0/shared/graphql/mutations/processEvaluation.js","startTime":1517195632474,"status":"passed","summary":""},{"assertionResults":[{"ancestorTitles":[],"failureMessages":[null],"status":"passed","title":""}],"endTime":1517195633087,"message":"","name":"/Users/lukaszgandecki/projects/TheBrain2.0/shared/helpers/levelConfig.js","startTime":1517195632473,"status":"passed","summary":""},{"assertionResults":[{"ancestorTitles":[],"failureMessages":[null],"status":"passed","title":""}],"endTime":1517195633102,"message":"","name":"/Users/lukaszgandecki/projects/TheBrain2.0/shared/helpers/getPasswordValidationState.js","startTime":1517195632473,"status":"passed","summary":""},{"assertionResults":[{"ancestorTitles":[],"failureMessages":[null],"status":"passed","title":""}],"endTime":1517195633108,"message":"","name":"/Users/lukaszgandecki/projects/TheBrain2.0/shared/graphql/mutations/withProcessEvaluation.js","startTime":1517195632474,"status":"passed","summary":""},{"assertionResults":[{"ancestorTitles":[],"failureMessages":[null],"status":"passed","title":""}],"endTime":1517195633117,"message":"","name":"/Users/lukaszgandecki/projects/TheBrain2.0/shared/graphql/queries/courses.js","startTime":1517195633095,"status":"passed","summary":""},{"assertionResults":[{"ancestorTitles":[],"failureMessages":[null],"status":"passed","title":""}],"endTime":1517195633127,"message":"","name":"/Users/lukaszgandecki/projects/TheBrain2.0/shared/graphql/mutations/logInWithFacebookAccessToken.js","startTime":1517195633118,"status":"passed","summary":""},{"assertionResults":[{"ancestorTitles":[],"failureMessages":[null],"status":"passed","title":""}],"endTime":1517195633137,"message":"","name":"/Users/lukaszgandecki/projects/TheBrain2.0/shared/jest.config.js","startTime":1517195633128,"status":"passed","summary":""},{"assertionResults":[{"ancestorTitles":[],"failureMessages":[null],"status":"passed","title":""}],"endTime":1517195633128,"message":"","name":"/Users/lukaszgandecki/projects/TheBrain2.0/shared/graphql/mutations/lessonWatchedMutationParams.js","startTime":1517195633091,"status":"passed","summary":""},{"assertionResults":[{"ancestorTitles":[],"failureMessages":[null],"status":"passed","title":""}],"endTime":1517195633128,"message":"","name":"/Users/lukaszgandecki/projects/TheBrain2.0/shared/graphql/queries/courseById.js","startTime":1517195633116,"status":"passed","summary":""},{"assertionResults":[{"ancestorTitles":[],"failureMessages":[null],"status":"passed","title":""}],"endTime":1517195633128,"message":"","name":"/Users/lukaszgandecki/projects/TheBrain2.0/shared/graphql/mutations/closeCourse.js","startTime":1517195633109,"status":"passed","summary":""},{"assertionResults":[{"ancestorTitles":[],"failureMessages":[null],"status":"passed","title":""}],"endTime":1517195633151,"message":"","name":"/Users/lukaszgandecki/projects/TheBrain2.0/shared/graphql/mutations/switchUserIsCasual.js","startTime":1517195633146,"status":"passed","summary":""},{"assertionResults":[{"ancestorTitles":[],"failureMessages":[null],"status":"passed","title":""}],"endTime":1517195633154,"message":"","name":"/Users/lukaszgandecki/projects/TheBrain2.0/shared/graphql/queries/lessons.js","startTime":1517195633147,"status":"passed","summary":""},{"assertionResults":[{"ancestorTitles":[],"failureMessages":[null],"status":"passed","title":""}],"endTime":1517195633163,"message":"","name":"/Users/lukaszgandecki/projects/TheBrain2.0/shared/graphql/mutations/logInWithFacebook.js","startTime":1517195633153,"status":"passed","summary":""},{"assertionResults":[{"ancestorTitles":[],"failureMessages":[null],"status":"passed","title":""}],"endTime":1517195633163,"message":"","name":"/Users/lukaszgandecki/projects/TheBrain2.0/shared/graphql/mutations/setUserIsCasual.js","startTime":1517195633156,"status":"passed","summary":""},{"assertionResults":[{"ancestorTitles":[],"failureMessages":[null],"status":"passed","title":""}],"endTime":1517195633171,"message":"","name":"/Users/lukaszgandecki/projects/TheBrain2.0/shared/graphql/queries/lessonWatchedMutation.js","startTime":1517195633164,"status":"passed","summary":""},{"assertionResults":[{"ancestorTitles":[],"failureMessages":[null],"status":"passed","title":""}],"endTime":1517195633164,"message":"","name":"/Users/lukaszgandecki/projects/TheBrain2.0/shared/graphql/queries/sessionCount.js","startTime":1517195633157,"status":"passed","summary":""},{"assertionResults":[{"ancestorTitles":[],"failureMessages":[null],"status":"passed","title":""}],"endTime":1517195633165,"message":"","name":"/Users/lukaszgandecki/projects/TheBrain2.0/shared/graphql/queries/currentLesson.js","startTime":1517195633155,"status":"passed","summary":""},{"assertionResults":[{"ancestorTitles":[],"failureMessages":[null],"status":"passed","title":""}],"endTime":1517195633171,"message":"","name":"/Users/lukaszgandecki/projects/TheBrain2.0/shared/graphql/queries/currentUser.js","startTime":1517195633163,"status":"passed","summary":""},{"assertionResults":[{"ancestorTitles":[],"failureMessages":[null],"status":"passed","title":""}],"endTime":1517195633180,"message":"","name":"/Users/lukaszgandecki/projects/TheBrain2.0/shared/graphql/queries/itemsWithFlashcard.js","startTime":1517195633172,"status":"passed","summary":""},{"assertionResults":[{"ancestorTitles":[],"failureMessages":[null],"status":"passed","title":""}],"endTime":1517195633178,"message":"","name":"/Users/lukaszgandecki/projects/TheBrain2.0/shared/graphql/mutations/confirmLevelUp.js","startTime":1517195633172,"status":"passed","summary":""},{"assertionResults":[{"ancestorTitles":[],"failureMessages":[null],"status":"passed","title":""}],"endTime":1517195633190,"message":"","name":"/Users/lukaszgandecki/projects/TheBrain2.0/shared/graphql/queries/lessonCount.js","startTime":1517195633184,"status":"passed","summary":""},{"assertionResults":[{"ancestorTitles":[],"failureMessages":[null],"status":"passed","title":""}],"endTime":1517195633206,"message":"","name":"/Users/lukaszgandecki/projects/TheBrain2.0/shared/graphql/queries/userDetails.js","startTime":1517195633200,"status":"passed","summary":""},{"assertionResults":[{"ancestorTitles":[],"failureMessages":[null],"status":"passed","title":""}],"endTime":1517195633208,"message":"","name":"/Users/lukaszgandecki/projects/TheBrain2.0/shared/graphql/queries/currentItemsExist.js","startTime":1517195633201,"status":"passed","summary":""},{"assertionResults":[{"ancestorTitles":[],"failureMessages":[null],"status":"passed","title":""}],"endTime":1517195633209,"message":"","name":"/Users/lukaszgandecki/projects/TheBrain2.0/shared/graphql/queries/changePasswordMutation.js","startTime":1517195633203,"status":"passed","summary":""},{"assertionResults":[{"ancestorTitles":[],"failureMessages":[null],"status":"passed","title":""}],"endTime":1517195633210,"message":"","name":"/Users/lukaszgandecki/projects/TheBrain2.0/shared/graphql/mutations/clearNotCasualItems.js","startTime":1517195633204,"status":"passed","summary":""}],"wasInterrupted":false}